C:\Program Files\Microsoft Visual Studio\2022\Community\MSBuild\Microsoft\VC\v170\Microsoft.CppBuild.targets(538,5): warning MSB8028: 中间目录(x64\Release\)包含从另一个项目(KNN_Project1_Train.vcxproj)共享的文件。   这会导致错误的清除和重新生成行为。
  knn_algorithm.cpp
  datdeal.cpp
E:\code\pushcode\MachineLearing\KNN\KNN_Project_C\KNN_Project1\src\knn_algorithm.cpp(26,13): warning C4244: “初始化”: 从“__int64”转换到“int”，可能丢失数据
E:\code\pushcode\MachineLearing\KNN\KNN_Project_C\KNN_Project1\src\knn_algorithm.cpp(180,47): warning C4244: “return”: 从“__int64”转换到“int”，可能丢失数据
E:\code\pushcode\MachineLearing\KNN\KNN_Project_C\KNN_Project1\src\knn_algorithm.cpp(193,15): warning C4267: “初始化”: 从“size_t”转换到“int”，可能丢失数据
E:\code\pushcode\MachineLearing\KNN\KNN_Project_C\KNN_Project1\src\knn_algorithm.cpp(198,11): warning C4267: “初始化”: 从“size_t”转换到“int”，可能丢失数据
E:\code\pushcode\MachineLearing\KNN\KNN_Project_C\KNN_Project1\src\knn_algorithm.cpp(241,15): warning C4267: “初始化”: 从“size_t”转换到“int”，可能丢失数据
E:\code\pushcode\MachineLearing\KNN\KNN_Project_C\KNN_Project1\src\knn_algorithm.cpp(246,11): warning C4267: “初始化”: 从“size_t”转换到“int”，可能丢失数据
  main.cpp
E:\code\pushcode\MachineLearing\KNN\KNN_Project_C\KNN_Project1\vendor\Matplot++ 1.2.0\include\matplot\core\line_spec.h(1,1): warning C4819: 该文件包含不能在当前代码页(936)中表示的字符。请将该文件保存为 Unicode 格式以防止数据丢失
  (编译源文件“src/main.cpp”)
  
  matplot_show.cpp
E:\code\pushcode\MachineLearing\KNN\KNN_Project_C\KNN_Project1\vendor\Matplot++ 1.2.0\include\matplot\core\line_spec.h(1,1): warning C4819: 该文件包含不能在当前代码页(936)中表示的字符。请将该文件保存为 Unicode 格式以防止数据丢失
  (编译源文件“src/matplot_show.cpp”)
  
  正在生成代码
  Previous IPDB not found, fall back to full compilation.
  All 1280 functions were compiled because no usable IPDB/IOBJ from previous compilation was found.
  已完成代码的生成
  KNN_Project1.vcxproj -> E:\code\pushcode\MachineLearing\KNN\KNN_Project_C\x64\Release\KNN_Project1.exe
